<html>
<head>
<title>TestNG:  Surefire test</title>
<link href="../testng.css" rel="stylesheet" type="text/css" />
<link href="../my-testng.css" rel="stylesheet" type="text/css" />

<style type="text/css">
.log { display: none;} 
.stack-trace { display: none;} 
</style>
<script type="text/javascript">
<!--
function flip(e) {
  current = e.style.display;
  if (current == 'block') {
    e.style.display = 'none';
    return 0;
  }
  else {
    e.style.display = 'block';
    return 1;
  }
}

function toggleBox(szDivId, elem, msg1, msg2)
{
  var res = -1;  if (document.getElementById) {
    res = flip(document.getElementById(szDivId));
  }
  else if (document.all) {
    // this is the way old msie versions work
    res = flip(document.all[szDivId]);
  }
  if(elem) {
    if(res == 0) elem.innerHTML = msg1; else elem.innerHTML = msg2;
  }

}

function toggleAllBoxes() {
  if (document.getElementsByTagName) {
    d = document.getElementsByTagName('div');
    for (i = 0; i < d.length; i++) {
      if (d[i].className == 'log') {
        flip(d[i]);
      }
    }
  }
}

// -->
</script>

</head>
<body>
<h2 align='center'>Surefire test</h2><table border='1' align="center">
<tr>
<td>Tests passed/Failed/Skipped:</td><td>10/3/0</td>
</tr><tr>
<td>Started on:</td><td>Wed Aug 31 21:40:46 EET 2022</td>
</tr>
<tr><td>Total time:</td><td>179 seconds (179227 ms)</td>
</tr><tr>
<td>Included groups:</td><td></td>
</tr><tr>
<td>Excluded groups:</td><td></td>
</tr>
</table><p/>
<small><i>(Hover the method name to see the test class name)</i></small><p/>
<table width='100%' border='1' class='invocation-failed'>
<tr><td colspan='4' align='center'><b>FAILED TESTS</b></td></tr>
<tr><td><b>Test method</b></td>
<td width="30%"><b>Exception</b></td>
<td width="10%"><b>Time (seconds)</b></td>
<td><b>Instance</b></td>
</tr>
<tr>
<td title='org.example.testRunners.runners.runScenario()'><b>runScenario</b><br>Test class: org.example.testRunners.runners<br>Test method: Runs Cucumber Scenarios<br>Parameters: "user could open second slider", "F06_homeSliders | users will be able to open sliders in home page"</td>
<td><div><pre>org.openqa.selenium.ElementNotInteractableException: element not interactable
  (Session info: chrome=104.0.5112.102)
Build info: version: &apos;4.3.0&apos;, revision: &apos;a4995e2c09*&apos;
System info: host: &apos;SSAMEH-LT-9987&apos;, ip: &apos;192.168.0.7&apos;, os.name: &apos;Windows 10&apos;, os.arch: &apos;amd64&apos;, os.version: &apos;10.0&apos;, java.version: &apos;1.8.0_331&apos;
Driver info: org.openqa.selenium.chrome.ChromeDriver
Command: [3b3c1bfceb283d8f80dce8612b50297c, clickElement {id=419597bb-dd8b-42f2-9c85-340fe9574ea2}]
Capabilities {acceptInsecureCerts: false, browserName: chrome, browserVersion: 104.0.5112.102, chrome: {chromedriverVersion: 103.0.5060.53 (a1711811edd7..., userDataDir: C:\Users\SAMER~1.SAM\AppDat...}, goog:chromeOptions: {debuggerAddress: localhost:53230}, networkConnectionEnabled: false, pageLoadStrategy: normal, platformName: WINDOWS, proxy: Proxy(), se:cdp: ws://localhost:53230/devtoo..., se:cdpVersion: 104.0.5112.102, setWindowRect: true, strictFileInteractability: false, timeouts: {implicit: 0, pageLoad: 300000, script: 30000}, unhandledPromptBehavior: dismiss and notify, webauthn:extension:credBlob: true, webauthn:extension:largeBlob: true, webauthn:virtualAuthenticators: true}
Element: [[ChromeDriver: chrome on WINDOWS (3b3c1bfceb283d8f80dce8612b50297c)] -&gt; css selector: a[class=&quot;nivo-imageLink&quot;]:nth-child(2)]
Session ID: 3b3c1bfceb283d8f80dce8612b50297c
	at org.openqa.selenium.remote.codec.w3c.W3CHttpResponseCodec.createException(W3CHttpResponseCodec.java:200)
	at org.openqa.selenium.remote.codec.w3c.W3CHttpResponseCodec.decode(W3CHttpResponseCodec.java:133)
	at org.openqa.selenium.remote.codec.w3c.W3CHttpResponseCodec.decode(W3CHttpResponseCodec.java:53)
	at org.openqa.selenium.remote.HttpCommandExecutor.execute(HttpCommandExecutor.java:184)
	at org.openqa.selenium.remote.service.DriverCommandExecutor.invokeExecute(DriverCommandExecutor.java:167)
	at org.openqa.selenium.remote.service.DriverCommandExecutor.execute(DriverCommandExecutor.java:142)
	at org.openqa.selenium.remote.RemoteWebDriver.execute(RemoteWebDriver.java:569)
	at org.openqa.selenium.remote.RemoteWebElement.execute(RemoteWebElement.java:257)
	at org.openqa.selenium.remote.RemoteWebElement.click(RemoteWebElement.java:78)
	at org.example.stepDefinitions.D06_homeSliderStepDef.secondSlider(D06_homeSliderStepDef.java:34)
	at ?.user click on second slider(file:///C:/Users/samer.sameh/Desktop/FinalProjectJuly/src/main/resources/features/F06_homeSliders.feature:9)
... Removed 4 stack frames</pre></div><a href='#' onClick='toggleBox("stack-trace982337150", this, "Click to show all stack frames", "Click to hide stack frames")'>Click to show all stack frames</a>
<div class='stack-trace' id='stack-trace982337150'><pre>org.openqa.selenium.ElementNotInteractableException: element not interactable
  (Session info: chrome=104.0.5112.102)
Build info: version: &apos;4.3.0&apos;, revision: &apos;a4995e2c09*&apos;
System info: host: &apos;SSAMEH-LT-9987&apos;, ip: &apos;192.168.0.7&apos;, os.name: &apos;Windows 10&apos;, os.arch: &apos;amd64&apos;, os.version: &apos;10.0&apos;, java.version: &apos;1.8.0_331&apos;
Driver info: org.openqa.selenium.chrome.ChromeDriver
Command: [3b3c1bfceb283d8f80dce8612b50297c, clickElement {id=419597bb-dd8b-42f2-9c85-340fe9574ea2}]
Capabilities {acceptInsecureCerts: false, browserName: chrome, browserVersion: 104.0.5112.102, chrome: {chromedriverVersion: 103.0.5060.53 (a1711811edd7..., userDataDir: C:\Users\SAMER~1.SAM\AppDat...}, goog:chromeOptions: {debuggerAddress: localhost:53230}, networkConnectionEnabled: false, pageLoadStrategy: normal, platformName: WINDOWS, proxy: Proxy(), se:cdp: ws://localhost:53230/devtoo..., se:cdpVersion: 104.0.5112.102, setWindowRect: true, strictFileInteractability: false, timeouts: {implicit: 0, pageLoad: 300000, script: 30000}, unhandledPromptBehavior: dismiss and notify, webauthn:extension:credBlob: true, webauthn:extension:largeBlob: true, webauthn:virtualAuthenticators: true}
Element: [[ChromeDriver: chrome on WINDOWS (3b3c1bfceb283d8f80dce8612b50297c)] -&gt; css selector: a[class=&quot;nivo-imageLink&quot;]:nth-child(2)]
Session ID: 3b3c1bfceb283d8f80dce8612b50297c
	at sun.reflect.NativeConstructorAccessorImpl.newInstance0(Native Method)
	at sun.reflect.NativeConstructorAccessorImpl.newInstance(NativeConstructorAccessorImpl.java:62)
	at sun.reflect.DelegatingConstructorAccessorImpl.newInstance(DelegatingConstructorAccessorImpl.java:45)
	at java.lang.reflect.Constructor.newInstance(Constructor.java:423)
	at org.openqa.selenium.remote.codec.w3c.W3CHttpResponseCodec.createException(W3CHttpResponseCodec.java:200)
	at org.openqa.selenium.remote.codec.w3c.W3CHttpResponseCodec.decode(W3CHttpResponseCodec.java:133)
	at org.openqa.selenium.remote.codec.w3c.W3CHttpResponseCodec.decode(W3CHttpResponseCodec.java:53)
	at org.openqa.selenium.remote.HttpCommandExecutor.execute(HttpCommandExecutor.java:184)
	at org.openqa.selenium.remote.service.DriverCommandExecutor.invokeExecute(DriverCommandExecutor.java:167)
	at org.openqa.selenium.remote.service.DriverCommandExecutor.execute(DriverCommandExecutor.java:142)
	at org.openqa.selenium.remote.RemoteWebDriver.execute(RemoteWebDriver.java:569)
	at org.openqa.selenium.remote.RemoteWebElement.execute(RemoteWebElement.java:257)
	at org.openqa.selenium.remote.RemoteWebElement.click(RemoteWebElement.java:78)
	at org.example.stepDefinitions.D06_homeSliderStepDef.secondSlider(D06_homeSliderStepDef.java:34)
	at ?.user click on second slider(file:///C:/Users/samer.sameh/Desktop/FinalProjectJuly/src/main/resources/features/F06_homeSliders.feature:9)
</pre></div></td>
<td>19</td>
<td>org.example.testRunners.runners@42f93a98</td></tr>
<tr>
<td title='org.example.testRunners.runners.runScenario()'><b>runScenario</b><br>Test class: org.example.testRunners.runners<br>Test method: Runs Cucumber Scenarios<br>Parameters: "user could open first slider", "F06_homeSliders | users will be able to open sliders in home page"</td>
<td><div><pre>java.lang.AssertionError: expected [true] but found [false]
	at org.example.stepDefinitions.D06_homeSliderStepDef.first_product_details_opened(D06_homeSliderStepDef.java:29)
	at ?.relative product for first slider is displayed(file:///C:/Users/samer.sameh/Desktop/FinalProjectJuly/src/main/resources/features/F06_homeSliders.feature:6)
... Removed 4 stack frames</pre></div><a href='#' onClick='toggleBox("stack-trace716117291", this, "Click to show all stack frames", "Click to hide stack frames")'>Click to show all stack frames</a>
<div class='stack-trace' id='stack-trace716117291'><pre>java.lang.AssertionError: expected [true] but found [false]
	at org.testng.Assert.fail(Assert.java:110)
	at org.testng.Assert.failNotEquals(Assert.java:1413)
	at org.testng.Assert.assertTrue(Assert.java:56)
	at org.testng.Assert.assertTrue(Assert.java:66)
	at org.example.stepDefinitions.D06_homeSliderStepDef.first_product_details_opened(D06_homeSliderStepDef.java:29)
	at ?.relative product for first slider is displayed(file:///C:/Users/samer.sameh/Desktop/FinalProjectJuly/src/main/resources/features/F06_homeSliders.feature:6)
</pre></div></td>
<td>11</td>
<td>org.example.testRunners.runners@42f93a98</td></tr>
<tr>
<td title='org.example.testRunners.runners.runScenario()'><b>runScenario</b><br>Test class: org.example.testRunners.runners<br>Test method: Runs Cucumber Scenarios<br>Parameters: "user opens rss link", "F07_followUs | users could open followUs links"</td>
<td><div><pre>java.lang.IndexOutOfBoundsException: Index: 1, Size: 1
	at java.util.ArrayList.rangeCheck(ArrayList.java:659)
	at java.util.ArrayList.get(ArrayList.java:435)
	at org.example.stepDefinitions.D07_followUsStepDef.open_link(D07_followUsStepDef.java:43)
	at ?.&quot;https://demo.nopcommerce.com/new-online-store-is-open&quot; is opened in new tab(file:///C:/Users/samer.sameh/Desktop/FinalProjectJuly/src/main/resources/features/F07_followUs.feature:14)
</pre></div><a href='#' onClick='toggleBox("stack-trace832743930", this, "Click to show all stack frames", "Click to hide stack frames")'>Click to show all stack frames</a>
<div class='stack-trace' id='stack-trace832743930'><pre>java.lang.IndexOutOfBoundsException: Index: 1, Size: 1
	at java.util.ArrayList.rangeCheck(ArrayList.java:659)
	at java.util.ArrayList.get(ArrayList.java:435)
	at org.example.stepDefinitions.D07_followUsStepDef.open_link(D07_followUsStepDef.java:43)
	at ?.&quot;https://demo.nopcommerce.com/new-online-store-is-open&quot; is opened in new tab(file:///C:/Users/samer.sameh/Desktop/FinalProjectJuly/src/main/resources/features/F07_followUs.feature:14)
</pre></div></td>
<td>12</td>
<td>org.example.testRunners.runners@42f93a98</td></tr>
</table><p>
<table width='100%' border='1' class='invocation-passed'>
<tr><td colspan='4' align='center'><b>PASSED TESTS</b></td></tr>
<tr><td><b>Test method</b></td>
<td width="30%"><b>Exception</b></td>
<td width="10%"><b>Time (seconds)</b></td>
<td><b>Instance</b></td>
</tr>
<tr>
<td title='org.example.testRunners.runners.runScenario()'><b>runScenario</b><br>Test class: org.example.testRunners.runners<br>Test method: Runs Cucumber Scenarios<br>Parameters: "guest user could register with valid data successfully", "Register | users could register with new accounts"</td>
<td></td>
<td>21</td>
<td>org.example.testRunners.runners@42f93a98</td></tr>
<tr>
<td title='org.example.testRunners.runners.runScenario()'><b>runScenario</b><br>Test class: org.example.testRunners.runners<br>Test method: Runs Cucumber Scenarios<br>Parameters: "user could search using sku", "F04_Search | users will be able to search for products with different parameters"</td>
<td></td>
<td>11</td>
<td>org.example.testRunners.runners@42f93a98</td></tr>
<tr>
<td title='org.example.testRunners.runners.runScenario()'><b>runScenario</b><br>Test class: org.example.testRunners.runners<br>Test method: Runs Cucumber Scenarios<br>Parameters: "user opens twitter link", "F07_followUs | users could open followUs links"</td>
<td></td>
<td>12</td>
<td>org.example.testRunners.runners@42f93a98</td></tr>
<tr>
<td title='org.example.testRunners.runners.runScenario()'><b>runScenario</b><br>Test class: org.example.testRunners.runners<br>Test method: Runs Cucumber Scenarios<br>Parameters: "user could move between currencies", "F03_currencies | user could switch between different currencies"</td>
<td></td>
<td>10</td>
<td>org.example.testRunners.runners@42f93a98</td></tr>
<tr>
<td title='org.example.testRunners.runners.runScenario()'><b>runScenario</b><br>Test class: org.example.testRunners.runners<br>Test method: Runs Cucumber Scenarios<br>Parameters: "user opens youtube link", "F07_followUs | users could open followUs links"</td>
<td></td>
<td>16</td>
<td>org.example.testRunners.runners@42f93a98</td></tr>
<tr>
<td title='org.example.testRunners.runners.runScenario()'><b>runScenario</b><br>Test class: org.example.testRunners.runners<br>Test method: Runs Cucumber Scenarios<br>Parameters: "user could search using product name", "F04_Search | users will be able to search for products with different parameters"</td>
<td></td>
<td>12</td>
<td>org.example.testRunners.runners@42f93a98</td></tr>
<tr>
<td title='org.example.testRunners.runners.runScenario()'><b>runScenario</b><br>Test class: org.example.testRunners.runners<br>Test method: Runs Cucumber Scenarios<br>Parameters: "guest user could add products to wishlist successfully", "F08_wishList | guest user could add products to wishlist"</td>
<td></td>
<td>11</td>
<td>org.example.testRunners.runners@42f93a98</td></tr>
<tr>
<td title='org.example.testRunners.runners.runScenario()'><b>runScenario</b><br>Test class: org.example.testRunners.runners<br>Test method: Runs Cucumber Scenarios<br>Parameters: "user could hover categories", "F05_hoverCategories | user could hover categories and select sub category"</td>
<td></td>
<td>14</td>
<td>org.example.testRunners.runners@42f93a98</td></tr>
<tr>
<td title='org.example.testRunners.runners.runScenario()'><b>runScenario</b><br>Test class: org.example.testRunners.runners<br>Test method: Runs Cucumber Scenarios<br>Parameters: "user could login with valid email and password", "F02_Login | users could use login functionality to use their accounts"</td>
<td></td>
<td>10</td>
<td>org.example.testRunners.runners@42f93a98</td></tr>
<tr>
<td title='org.example.testRunners.runners.runScenario()'><b>runScenario</b><br>Test class: org.example.testRunners.runners<br>Test method: Runs Cucumber Scenarios<br>Parameters: "user opens facebook link", "F07_followUs | users could open followUs links"</td>
<td></td>
<td>12</td>
<td>org.example.testRunners.runners@42f93a98</td></tr>
</table><p>
</body>
</html>