<?xml version="1.0" encoding="UTF-8"?>
<!-- Generated by org.testng.reporters.JUnitReportReporter -->
<testsuite skipped="0" hostname="ssameh-Lt-9987" name="org.example.testRunners.runners" tests="13" failures="1" timestamp="2022-08-31T21:43:46 EET" time="177.131" errors="2">
  <testcase name="runScenario" time="21.380" classname="org.example.testRunners.runners"/>
  <system-out/>
  <testcase name="runScenario" time="12.941" classname="org.example.testRunners.runners"/>
  <system-out/>
  <testcase name="runScenario" time="11.101" classname="org.example.testRunners.runners">
    <failure type="java.lang.AssertionError" message="expected [true] but found [false]">
      <![CDATA[java.lang.AssertionError: expected [true] but found [false]
at org.testng.Assert.fail(Assert.java:110)
at org.testng.Assert.failNotEquals(Assert.java:1413)
at org.testng.Assert.assertTrue(Assert.java:56)
at org.testng.Assert.assertTrue(Assert.java:66)
at org.example.stepDefinitions.D06_homeSliderStepDef.first_product_details_opened(D06_homeSliderStepDef.java:29)
at ✽.relative product for first slider is displayed(file:///C:/Users/samer.sameh/Desktop/FinalProjectJuly/src/main/resources/features/F06_homeSliders.feature:6)
]]>
    </failure>
  </testcase> <!-- runScenario -->
  <system-out/>
  <testcase name="runScenario" time="16.883" classname="org.example.testRunners.runners"/>
  <system-out/>
  <testcase name="runScenario" time="11.725" classname="org.example.testRunners.runners"/>
  <system-out/>
  <testcase name="runScenario" time="10.772" classname="org.example.testRunners.runners"/>
  <system-out/>
  <testcase name="runScenario" time="11.214" classname="org.example.testRunners.runners"/>
  <system-out/>
  <testcase name="runScenario" time="10.798" classname="org.example.testRunners.runners"/>
  <system-out/>
  <testcase name="runScenario" time="19.240" classname="org.example.testRunners.runners">
    <error type="org.openqa.selenium.ElementNotInteractableException" message="element not interactable
  (Session info: chrome=104.0.5112.102)
Build info: version: &#039;4.3.0&#039;, revision: &#039;a4995e2c09*&#039;
System info: host: &#039;SSAMEH-LT-9987&#039;, ip: &#039;192.168.0.7&#039;, os.name: &#039;Windows 10&#039;, os.arch: &#039;amd64&#039;, os.version: &#039;10.0&#039;, java.version: &#039;1.8.0_331&#039;
Driver info: org.openqa.selenium.chrome.ChromeDriver
Command: [3b3c1bfceb283d8f80dce8612b50297c, clickElement {id=419597bb-dd8b-42f2-9c85-340fe9574ea2}]
Capabilities {acceptInsecureCerts: false, browserName: chrome, browserVersion: 104.0.5112.102, chrome: {chromedriverVersion: 103.0.5060.53 (a1711811edd7..., userDataDir: C:\Users\SAMER~1.SAM\AppDat...}, goog:chromeOptions: {debuggerAddress: localhost:53230}, networkConnectionEnabled: false, pageLoadStrategy: normal, platformName: WINDOWS, proxy: Proxy(), se:cdp: ws://localhost:53230/devtoo..., se:cdpVersion: 104.0.5112.102, setWindowRect: true, strictFileInteractability: false, timeouts: {implicit: 0, pageLoad: 300000, script: 30000}, unhandledPromptBehavior: dismiss and notify, webauthn:extension:credBlob: true, webauthn:extension:largeBlob: true, webauthn:virtualAuthenticators: true}
Element: [[ChromeDriver: chrome on WINDOWS (3b3c1bfceb283d8f80dce8612b50297c)] -&gt; css selector: a[class=&quot;nivo-imageLink&quot;]:nth-child(2)]
Session ID: 3b3c1bfceb283d8f80dce8612b50297c">
      <![CDATA[org.openqa.selenium.ElementNotInteractableException: element not interactable
  (Session info: chrome=104.0.5112.102)
Build info: version: '4.3.0', revision: 'a4995e2c09*'
System info: host: 'SSAMEH-LT-9987', ip: '192.168.0.7', os.name: 'Windows 10', os.arch: 'amd64', os.version: '10.0', java.version: '1.8.0_331'
Driver info: org.openqa.selenium.chrome.ChromeDriver
Command: [3b3c1bfceb283d8f80dce8612b50297c, clickElement {id=419597bb-dd8b-42f2-9c85-340fe9574ea2}]
Capabilities {acceptInsecureCerts: false, browserName: chrome, browserVersion: 104.0.5112.102, chrome: {chromedriverVersion: 103.0.5060.53 (a1711811edd7..., userDataDir: C:\Users\SAMER~1.SAM\AppDat...}, goog:chromeOptions: {debuggerAddress: localhost:53230}, networkConnectionEnabled: false, pageLoadStrategy: normal, platformName: WINDOWS, proxy: Proxy(), se:cdp: ws://localhost:53230/devtoo..., se:cdpVersion: 104.0.5112.102, setWindowRect: true, strictFileInteractability: false, timeouts: {implicit: 0, pageLoad: 300000, script: 30000}, unhandledPromptBehavior: dismiss and notify, webauthn:extension:credBlob: true, webauthn:extension:largeBlob: true, webauthn:virtualAuthenticators: true}
Element: [[ChromeDriver: chrome on WINDOWS (3b3c1bfceb283d8f80dce8612b50297c)] -> css selector: a[class="nivo-imageLink"]:nth-child(2)]
Session ID: 3b3c1bfceb283d8f80dce8612b50297c
at sun.reflect.NativeConstructorAccessorImpl.newInstance0(Native Method)
at sun.reflect.NativeConstructorAccessorImpl.newInstance(NativeConstructorAccessorImpl.java:62)
at sun.reflect.DelegatingConstructorAccessorImpl.newInstance(DelegatingConstructorAccessorImpl.java:45)
at java.lang.reflect.Constructor.newInstance(Constructor.java:423)
at org.openqa.selenium.remote.codec.w3c.W3CHttpResponseCodec.createException(W3CHttpResponseCodec.java:200)
at org.openqa.selenium.remote.codec.w3c.W3CHttpResponseCodec.decode(W3CHttpResponseCodec.java:133)
at org.openqa.selenium.remote.codec.w3c.W3CHttpResponseCodec.decode(W3CHttpResponseCodec.java:53)
at org.openqa.selenium.remote.HttpCommandExecutor.execute(HttpCommandExecutor.java:184)
at org.openqa.selenium.remote.service.DriverCommandExecutor.invokeExecute(DriverCommandExecutor.java:167)
at org.openqa.selenium.remote.service.DriverCommandExecutor.execute(DriverCommandExecutor.java:142)
at org.openqa.selenium.remote.RemoteWebDriver.execute(RemoteWebDriver.java:569)
at org.openqa.selenium.remote.RemoteWebElement.execute(RemoteWebElement.java:257)
at org.openqa.selenium.remote.RemoteWebElement.click(RemoteWebElement.java:78)
at org.example.stepDefinitions.D06_homeSliderStepDef.secondSlider(D06_homeSliderStepDef.java:34)
at ✽.user click on second slider(file:///C:/Users/samer.sameh/Desktop/FinalProjectJuly/src/main/resources/features/F06_homeSliders.feature:9)
]]>
    </error>
  </testcase> <!-- runScenario -->
  <system-out/>
  <testcase name="runScenario" time="12.585" classname="org.example.testRunners.runners">
    <error type="java.lang.IndexOutOfBoundsException" message="Index: 1, Size: 1">
      <![CDATA[java.lang.IndexOutOfBoundsException: Index: 1, Size: 1
at java.util.ArrayList.rangeCheck(ArrayList.java:659)
at java.util.ArrayList.get(ArrayList.java:435)
at org.example.stepDefinitions.D07_followUsStepDef.open_link(D07_followUsStepDef.java:43)
at ✽."https://demo.nopcommerce.com/new-online-store-is-open" is opened in new tab(file:///C:/Users/samer.sameh/Desktop/FinalProjectJuly/src/main/resources/features/F07_followUs.feature:14)
]]>
    </error>
  </testcase> <!-- runScenario -->
  <system-out/>
  <testcase name="runScenario" time="12.429" classname="org.example.testRunners.runners"/>
  <system-out/>
  <testcase name="runScenario" time="14.034" classname="org.example.testRunners.runners"/>
  <system-out/>
  <testcase name="runScenario" time="12.029" classname="org.example.testRunners.runners"/>
  <system-out/>
</testsuite> <!-- org.example.testRunners.runners -->
